Epoch 1/5
step:    0/ 3305 lossC:0.7002 lossL1:0.0394 imps:1.6 lr: 0.0500 etc:Wed Jul  7 00:36:29 2021
step:   10/ 3305 lossC:0.2708 lossL1:0.0205 imps:13.3 lr: 0.0499 etc:Tue Jul  6 16:48:07 2021
step:   20/ 3305 lossC:0.2432 lossL1:0.0154 imps:20.7 lr: 0.0497 etc:Tue Jul  6 16:24:20 2021
step:   30/ 3305 lossC:0.2294 lossL1:0.0113 imps:26.1 lr: 0.0496 etc:Tue Jul  6 16:15:36 2021
step:   40/ 3305 lossC:0.2096 lossL1:0.0141 imps:30.1 lr: 0.0495 etc:Tue Jul  6 16:11:06 2021
step:   50/ 3305 lossC:0.2108 lossL1:0.0140 imps:33.1 lr: 0.0493 etc:Tue Jul  6 16:08:27 2021
step:   60/ 3305 lossC:0.1820 lossL1:0.0171 imps:35.5 lr: 0.0492 etc:Tue Jul  6 16:06:35 2021
step:   70/ 3305 lossC:0.1670 lossL1:0.0165 imps:37.4 lr: 0.0490 etc:Tue Jul  6 16:05:21 2021
step:   80/ 3305 lossC:0.1625 lossL1:0.0172 imps:39.0 lr: 0.0489 etc:Tue Jul  6 16:04:24 2021
step:   90/ 3305 lossC:0.1491 lossL1:0.0184 imps:40.3 lr: 0.0488 etc:Tue Jul  6 16:03:40 2021
step:  100/ 3305 lossC:0.1635 lossL1:0.0170 imps:41.4 lr: 0.0486 etc:Tue Jul  6 16:03:04 2021
step:  110/ 3305 lossC:0.1343 lossL1:0.0174 imps:41.2 lr: 0.0485 etc:Tue Jul  6 16:03:10 2021
step:  120/ 3305 lossC:0.1257 lossL1:0.0170 imps:42.2 lr: 0.0484 etc:Tue Jul  6 16:02:39 2021
step:  130/ 3305 lossC:0.1180 lossL1:0.0164 imps:43.0 lr: 0.0482 etc:Tue Jul  6 16:02:17 2021
step:  140/ 3305 lossC:0.1201 lossL1:0.0161 imps:43.7 lr: 0.0481 etc:Tue Jul  6 16:01:59 2021
step:  150/ 3305 lossC:0.1185 lossL1:0.0166 imps:44.3 lr: 0.0480 etc:Tue Jul  6 16:01:40 2021
step:  160/ 3305 lossC:0.1243 lossL1:0.0167 imps:44.8 lr: 0.0478 etc:Tue Jul  6 16:01:26 2021
step:  170/ 3305 lossC:0.1105 lossL1:0.0158 imps:45.4 lr: 0.0477 etc:Tue Jul  6 16:01:12 2021
step:  180/ 3305 lossC:0.0960 lossL1:0.0163 imps:45.9 lr: 0.0475 etc:Tue Jul  6 16:00:59 2021
step:  190/ 3305 lossC:0.0915 lossL1:0.0165 imps:46.3 lr: 0.0474 etc:Tue Jul  6 16:00:49 2021
step:  200/ 3305 lossC:0.1200 lossL1:0.0161 imps:46.8 lr: 0.0473 etc:Tue Jul  6 16:00:38 2021
step:  210/ 3305 lossC:0.0887 lossL1:0.0159 imps:46.5 lr: 0.0471 etc:Tue Jul  6 16:00:44 2021
step:  220/ 3305 lossC:0.1096 lossL1:0.0162 imps:46.8 lr: 0.0470 etc:Tue Jul  6 16:00:37 2021
step:  230/ 3305 lossC:0.0927 lossL1:0.0161 imps:47.1 lr: 0.0469 etc:Tue Jul  6 16:00:29 2021
step:  240/ 3305 lossC:0.0815 lossL1:0.0158 imps:47.5 lr: 0.0467 etc:Tue Jul  6 16:00:21 2021
step:  250/ 3305 lossC:0.0951 lossL1:0.0161 imps:47.7 lr: 0.0466 etc:Tue Jul  6 16:00:16 2021
step:  260/ 3305 lossC:0.0952 lossL1:0.0162 imps:48.0 lr: 0.0464 etc:Tue Jul  6 16:00:09 2021
step:  270/ 3305 lossC:0.0926 lossL1:0.0161 imps:48.3 lr: 0.0463 etc:Tue Jul  6 16:00:03 2021
step:  280/ 3305 lossC:0.0837 lossL1:0.0159 imps:48.5 lr: 0.0462 etc:Tue Jul  6 15:59:58 2021
step:  290/ 3305 lossC:0.1186 lossL1:0.0164 imps:48.7 lr: 0.0460 etc:Tue Jul  6 15:59:52 2021
step:  300/ 3305 lossC:0.0841 lossL1:0.0161 imps:49.0 lr: 0.0459 etc:Tue Jul  6 15:59:47 2021
step:  310/ 3305 lossC:0.0818 lossL1:0.0165 imps:48.6 lr: 0.0458 etc:Tue Jul  6 15:59:56 2021
step:  320/ 3305 lossC:0.0877 lossL1:0.0168 imps:48.8 lr: 0.0456 etc:Tue Jul  6 15:59:51 2021
step:  330/ 3305 lossC:0.0775 lossL1:0.0157 imps:49.0 lr: 0.0455 etc:Tue Jul  6 15:59:47 2021
step:  340/ 3305 lossC:0.0783 lossL1:0.0160 imps:49.2 lr: 0.0453 etc:Tue Jul  6 15:59:42 2021
step:  350/ 3305 lossC:0.0956 lossL1:0.0162 imps:49.4 lr: 0.0452 etc:Tue Jul  6 15:59:38 2021
step:  360/ 3305 lossC:0.1001 lossL1:0.0166 imps:49.6 lr: 0.0451 etc:Tue Jul  6 15:59:34 2021
step:  370/ 3305 lossC:0.0816 lossL1:0.0168 imps:49.7 lr: 0.0449 etc:Tue Jul  6 15:59:32 2021
step:  380/ 3305 lossC:0.0862 lossL1:0.0157 imps:49.8 lr: 0.0448 etc:Tue Jul  6 15:59:29 2021
step:  390/ 3305 lossC:0.0713 lossL1:0.0161 imps:50.0 lr: 0.0447 etc:Tue Jul  6 15:59:25 2021
step:  400/ 3305 lossC:0.0860 lossL1:0.0160 imps:50.1 lr: 0.0445 etc:Tue Jul  6 15:59:22 2021
step:  410/ 3305 lossC:0.0770 lossL1:0.0157 imps:49.8 lr: 0.0444 etc:Tue Jul  6 15:59:30 2021
step:  420/ 3305 lossC:0.0735 lossL1:0.0161 imps:49.9 lr: 0.0442 etc:Tue Jul  6 15:59:26 2021
step:  430/ 3305 lossC:0.0720 lossL1:0.0155 imps:50.1 lr: 0.0441 etc:Tue Jul  6 15:59:23 2021
step:  440/ 3305 lossC:0.0816 lossL1:0.0162 imps:50.2 lr: 0.0440 etc:Tue Jul  6 15:59:20 2021
step:  450/ 3305 lossC:0.0767 lossL1:0.0153 imps:50.3 lr: 0.0438 etc:Tue Jul  6 15:59:19 2021
step:  460/ 3305 lossC:0.0865 lossL1:0.0152 imps:50.4 lr: 0.0437 etc:Tue Jul  6 15:59:16 2021
step:  470/ 3305 lossC:0.0728 lossL1:0.0163 imps:50.5 lr: 0.0436 etc:Tue Jul  6 15:59:14 2021
step:  480/ 3305 lossC:0.0900 lossL1:0.0151 imps:50.6 lr: 0.0434 etc:Tue Jul  6 15:59:12 2021
step:  490/ 3305 lossC:0.0780 lossL1:0.0154 imps:50.7 lr: 0.0433 etc:Tue Jul  6 15:59:09 2021
step:  500/ 3305 lossC:0.0716 lossL1:0.0157 imps:50.8 lr: 0.0431 etc:Tue Jul  6 15:59:08 2021
validating ... {'iou_bkg': array([0.78516055, 0.44993605, 0.28712452, 0.49026533, 0.38245563,
       0.47301526, 0.67605444, 0.53691007, 0.58495375, 0.21490392,
       0.54415626, 0.31798507, 0.64676658, 0.59992422, 0.63913759,
       0.59175731, 0.45247726, 0.49515567, 0.34611537, 0.46119832,
       0.38272116]), 'miou_bkg': 0.49324639599118814}
step:  510/ 3305 lossC:0.0994 lossL1:0.0159 imps:36.6 lr: 0.0430 etc:Tue Jul  6 16:05:54 2021
step:  520/ 3305 lossC:0.0576 lossL1:0.0156 imps:36.8 lr: 0.0429 etc:Tue Jul  6 16:05:43 2021
step:  530/ 3305 lossC:0.0854 lossL1:0.0149 imps:37.1 lr: 0.0427 etc:Tue Jul  6 16:05:33 2021
step:  540/ 3305 lossC:0.0750 lossL1:0.0150 imps:37.3 lr: 0.0426 etc:Tue Jul  6 16:05:25 2021
step:  550/ 3305 lossC:0.0713 lossL1:0.0155 imps:37.5 lr: 0.0424 etc:Tue Jul  6 16:05:16 2021
step:  560/ 3305 lossC:0.0890 lossL1:0.0149 imps:37.8 lr: 0.0423 etc:Tue Jul  6 16:05:07 2021
step:  570/ 3305 lossC:0.0857 lossL1:0.0154 imps:38.0 lr: 0.0422 etc:Tue Jul  6 16:04:59 2021
step:  580/ 3305 lossC:0.0932 lossL1:0.0169 imps:38.2 lr: 0.0420 etc:Tue Jul  6 16:04:51 2021
step:  590/ 3305 lossC:0.0709 lossL1:0.0161 imps:38.4 lr: 0.0419 etc:Tue Jul  6 16:04:43 2021
step:  600/ 3305 lossC:0.0864 lossL1:0.0150 imps:38.6 lr: 0.0418 etc:Tue Jul  6 16:04:36 2021
step:  610/ 3305 lossC:0.0941 lossL1:0.0144 imps:38.7 lr: 0.0416 etc:Tue Jul  6 16:04:35 2021
step:  620/ 3305 lossC:0.0862 lossL1:0.0159 imps:38.9 lr: 0.0415 etc:Tue Jul  6 16:04:28 2021
step:  630/ 3305 lossC:0.0715 lossL1:0.0155 imps:39.1 lr: 0.0413 etc:Tue Jul  6 16:04:21 2021
step:  640/ 3305 lossC:0.0698 lossL1:0.0154 imps:39.3 lr: 0.0412 etc:Tue Jul  6 16:04:15 2021
step:  650/ 3305 lossC:0.0902 lossL1:0.0150 imps:39.5 lr: 0.0411 etc:Tue Jul  6 16:04:07 2021
step:  660/ 3305 lossC:0.0731 lossL1:0.0160 imps:39.7 lr: 0.0409 etc:Tue Jul  6 16:03:59 2021
Epoch 2/5
step:  670/ 3305 lossC:0.0618 lossL1:0.0158 imps:25.7 lr: 0.0408 etc:Tue Jul  6 16:04:11 2021
step:  680/ 3305 lossC:0.0786 lossL1:0.0152 imps:34.1 lr: 0.0406 etc:Tue Jul  6 16:04:07 2021
step:  690/ 3305 lossC:0.0754 lossL1:0.0144 imps:39.4 lr: 0.0405 etc:Tue Jul  6 16:04:01 2021
step:  700/ 3305 lossC:0.0840 lossL1:0.0165 imps:42.6 lr: 0.0404 etc:Tue Jul  6 16:03:55 2021
step:  710/ 3305 lossC:0.0749 lossL1:0.0154 imps:41.6 lr: 0.0402 etc:Tue Jul  6 16:03:56 2021
step:  720/ 3305 lossC:0.0648 lossL1:0.0159 imps:43.2 lr: 0.0401 etc:Tue Jul  6 16:03:51 2021
step:  730/ 3305 lossC:0.0711 lossL1:0.0169 imps:44.5 lr: 0.0399 etc:Tue Jul  6 16:03:46 2021
step:  740/ 3305 lossC:0.0580 lossL1:0.0151 imps:45.6 lr: 0.0398 etc:Tue Jul  6 16:03:42 2021
step:  750/ 3305 lossC:0.0803 lossL1:0.0152 imps:46.6 lr: 0.0397 etc:Tue Jul  6 16:03:37 2021
step:  760/ 3305 lossC:0.0815 lossL1:0.0151 imps:47.4 lr: 0.0395 etc:Tue Jul  6 16:03:32 2021
step:  770/ 3305 lossC:0.0661 lossL1:0.0168 imps:48.3 lr: 0.0394 etc:Tue Jul  6 16:03:26 2021
step:  780/ 3305 lossC:0.0691 lossL1:0.0156 imps:48.9 lr: 0.0392 etc:Tue Jul  6 16:03:22 2021
step:  790/ 3305 lossC:0.0479 lossL1:0.0155 imps:49.4 lr: 0.0391 etc:Tue Jul  6 16:03:17 2021
step:  800/ 3305 lossC:0.0658 lossL1:0.0164 imps:49.9 lr: 0.0390 etc:Tue Jul  6 16:03:13 2021
step:  810/ 3305 lossC:0.0826 lossL1:0.0154 imps:49.1 lr: 0.0388 etc:Tue Jul  6 16:03:13 2021
step:  820/ 3305 lossC:0.0568 lossL1:0.0163 imps:49.5 lr: 0.0387 etc:Tue Jul  6 16:03:09 2021
step:  830/ 3305 lossC:0.0666 lossL1:0.0147 imps:49.8 lr: 0.0385 etc:Tue Jul  6 16:03:05 2021
step:  840/ 3305 lossC:0.0829 lossL1:0.0151 imps:50.1 lr: 0.0384 etc:Tue Jul  6 16:03:01 2021
step:  850/ 3305 lossC:0.0685 lossL1:0.0155 imps:50.5 lr: 0.0383 etc:Tue Jul  6 16:02:57 2021
step:  860/ 3305 lossC:0.0753 lossL1:0.0161 imps:50.7 lr: 0.0381 etc:Tue Jul  6 16:02:53 2021
step:  870/ 3305 lossC:0.0724 lossL1:0.0156 imps:50.9 lr: 0.0380 etc:Tue Jul  6 16:02:49 2021
step:  880/ 3305 lossC:0.0680 lossL1:0.0161 imps:51.2 lr: 0.0378 etc:Tue Jul  6 16:02:46 2021
step:  890/ 3305 lossC:0.0755 lossL1:0.0153 imps:51.4 lr: 0.0377 etc:Tue Jul  6 16:02:42 2021
step:  900/ 3305 lossC:0.0632 lossL1:0.0165 imps:51.5 lr: 0.0376 etc:Tue Jul  6 16:02:39 2021
step:  910/ 3305 lossC:0.0544 lossL1:0.0149 imps:50.8 lr: 0.0374 etc:Tue Jul  6 16:02:40 2021
step:  920/ 3305 lossC:0.0614 lossL1:0.0147 imps:51.0 lr: 0.0373 etc:Tue Jul  6 16:02:37 2021
step:  930/ 3305 lossC:0.0679 lossL1:0.0150 imps:51.1 lr: 0.0371 etc:Tue Jul  6 16:02:34 2021
step:  940/ 3305 lossC:0.0715 lossL1:0.0152 imps:51.3 lr: 0.0370 etc:Tue Jul  6 16:02:30 2021
step:  950/ 3305 lossC:0.0723 lossL1:0.0157 imps:51.5 lr: 0.0369 etc:Tue Jul  6 16:02:27 2021
step:  960/ 3305 lossC:0.0568 lossL1:0.0148 imps:51.6 lr: 0.0367 etc:Tue Jul  6 16:02:24 2021
step:  970/ 3305 lossC:0.0610 lossL1:0.0150 imps:51.7 lr: 0.0366 etc:Tue Jul  6 16:02:21 2021
step:  980/ 3305 lossC:0.0658 lossL1:0.0149 imps:51.9 lr: 0.0364 etc:Tue Jul  6 16:02:18 2021
step:  990/ 3305 lossC:0.0804 lossL1:0.0160 imps:52.0 lr: 0.0363 etc:Tue Jul  6 16:02:15 2021
step: 1000/ 3305 lossC:0.0717 lossL1:0.0143 imps:52.2 lr: 0.0362 etc:Tue Jul  6 16:02:12 2021
validating ... {'iou_bkg': array([0.77425301, 0.4463232 , 0.28064056, 0.54189112, 0.40272627,
       0.45669421, 0.72001691, 0.52486195, 0.63269662, 0.22910405,
       0.56984009, 0.41296709, 0.66126449, 0.58536916, 0.62955448,
       0.53865592, 0.40882911, 0.56712101, 0.40460345, 0.47156603,
       0.36740199]), 'miou_bkg': 0.5060181286190909}
step: 1010/ 3305 lossC:0.0808 lossL1:0.0160 imps:32.7 lr: 0.0360 etc:Tue Jul  6 16:05:38 2021
step: 1020/ 3305 lossC:0.0789 lossL1:0.0149 imps:33.1 lr: 0.0359 etc:Tue Jul  6 16:05:33 2021
step: 1030/ 3305 lossC:0.0580 lossL1:0.0150 imps:33.5 lr: 0.0357 etc:Tue Jul  6 16:05:28 2021
step: 1040/ 3305 lossC:0.0603 lossL1:0.0150 imps:33.9 lr: 0.0356 etc:Tue Jul  6 16:05:23 2021
step: 1050/ 3305 lossC:0.0572 lossL1:0.0149 imps:34.3 lr: 0.0354 etc:Tue Jul  6 16:05:18 2021
step: 1060/ 3305 lossC:0.0619 lossL1:0.0150 imps:34.6 lr: 0.0353 etc:Tue Jul  6 16:05:13 2021
step: 1070/ 3305 lossC:0.0737 lossL1:0.0154 imps:35.0 lr: 0.0352 etc:Tue Jul  6 16:05:09 2021
step: 1080/ 3305 lossC:0.0613 lossL1:0.0158 imps:35.3 lr: 0.0350 etc:Tue Jul  6 16:05:04 2021
step: 1090/ 3305 lossC:0.0685 lossL1:0.0155 imps:35.6 lr: 0.0349 etc:Tue Jul  6 16:05:00 2021
step: 1100/ 3305 lossC:0.0692 lossL1:0.0161 imps:36.0 lr: 0.0347 etc:Tue Jul  6 16:04:55 2021
step: 1110/ 3305 lossC:0.0771 lossL1:0.0156 imps:36.0 lr: 0.0346 etc:Tue Jul  6 16:04:55 2021
step: 1120/ 3305 lossC:0.0594 lossL1:0.0155 imps:36.3 lr: 0.0345 etc:Tue Jul  6 16:04:51 2021
step: 1130/ 3305 lossC:0.0975 lossL1:0.0156 imps:36.6 lr: 0.0343 etc:Tue Jul  6 16:04:46 2021
step: 1140/ 3305 lossC:0.0739 lossL1:0.0154 imps:36.9 lr: 0.0342 etc:Tue Jul  6 16:04:43 2021
step: 1150/ 3305 lossC:0.0727 lossL1:0.0152 imps:37.2 lr: 0.0340 etc:Tue Jul  6 16:04:38 2021
step: 1160/ 3305 lossC:0.0747 lossL1:0.0151 imps:37.4 lr: 0.0339 etc:Tue Jul  6 16:04:35 2021
step: 1170/ 3305 lossC:0.0514 lossL1:0.0145 imps:37.7 lr: 0.0337 etc:Tue Jul  6 16:04:31 2021
step: 1180/ 3305 lossC:0.0806 lossL1:0.0153 imps:37.9 lr: 0.0336 etc:Tue Jul  6 16:04:27 2021
step: 1190/ 3305 lossC:0.0695 lossL1:0.0146 imps:38.2 lr: 0.0335 etc:Tue Jul  6 16:04:24 2021
step: 1200/ 3305 lossC:0.0645 lossL1:0.0141 imps:38.4 lr: 0.0333 etc:Tue Jul  6 16:04:20 2021
step: 1210/ 3305 lossC:0.0529 lossL1:0.0148 imps:38.4 lr: 0.0332 etc:Tue Jul  6 16:04:20 2021
step: 1220/ 3305 lossC:0.0639 lossL1:0.0146 imps:38.6 lr: 0.0330 etc:Tue Jul  6 16:04:17 2021
step: 1230/ 3305 lossC:0.0667 lossL1:0.0161 imps:38.8 lr: 0.0329 etc:Tue Jul  6 16:04:13 2021
step: 1240/ 3305 lossC:0.0676 lossL1:0.0150 imps:39.1 lr: 0.0327 etc:Tue Jul  6 16:04:10 2021
step: 1250/ 3305 lossC:0.0603 lossL1:0.0159 imps:39.3 lr: 0.0326 etc:Tue Jul  6 16:04:07 2021
step: 1260/ 3305 lossC:0.0596 lossL1:0.0148 imps:39.5 lr: 0.0325 etc:Tue Jul  6 16:04:04 2021
step: 1270/ 3305 lossC:0.0589 lossL1:0.0147 imps:39.7 lr: 0.0323 etc:Tue Jul  6 16:04:00 2021
step: 1280/ 3305 lossC:0.0574 lossL1:0.0146 imps:39.8 lr: 0.0322 etc:Tue Jul  6 16:03:58 2021
step: 1290/ 3305 lossC:0.0664 lossL1:0.0157 imps:40.0 lr: 0.0320 etc:Tue Jul  6 16:03:54 2021
step: 1300/ 3305 lossC:0.0585 lossL1:0.0149 imps:40.2 lr: 0.0319 etc:Tue Jul  6 16:03:51 2021
step: 1310/ 3305 lossC:0.0726 lossL1:0.0158 imps:40.3 lr: 0.0317 etc:Tue Jul  6 16:03:51 2021
step: 1320/ 3305 lossC:0.0632 lossL1:0.0150 imps:40.5 lr: 0.0316 etc:Tue Jul  6 16:03:47 2021
Epoch 3/5
step: 1330/ 3305 lossC:0.0517 lossL1:0.0146 imps:23.2 lr: 0.0315 etc:Tue Jul  6 16:03:54 2021
step: 1340/ 3305 lossC:0.0505 lossL1:0.0154 imps:32.5 lr: 0.0313 etc:Tue Jul  6 16:03:52 2021
step: 1350/ 3305 lossC:0.0492 lossL1:0.0145 imps:37.6 lr: 0.0312 etc:Tue Jul  6 16:03:49 2021
step: 1360/ 3305 lossC:0.0570 lossL1:0.0157 imps:40.8 lr: 0.0310 etc:Tue Jul  6 16:03:47 2021
step: 1370/ 3305 lossC:0.0564 lossL1:0.0151 imps:42.9 lr: 0.0309 etc:Tue Jul  6 16:03:44 2021
step: 1380/ 3305 lossC:0.0622 lossL1:0.0147 imps:44.7 lr: 0.0307 etc:Tue Jul  6 16:03:41 2021
step: 1390/ 3305 lossC:0.0582 lossL1:0.0159 imps:46.1 lr: 0.0306 etc:Tue Jul  6 16:03:39 2021
step: 1400/ 3305 lossC:0.0630 lossL1:0.0155 imps:47.2 lr: 0.0305 etc:Tue Jul  6 16:03:36 2021
step: 1410/ 3305 lossC:0.0640 lossL1:0.0151 imps:46.2 lr: 0.0303 etc:Tue Jul  6 16:03:36 2021
step: 1420/ 3305 lossC:0.0570 lossL1:0.0154 imps:47.0 lr: 0.0302 etc:Tue Jul  6 16:03:34 2021
step: 1430/ 3305 lossC:0.0793 lossL1:0.0152 imps:47.7 lr: 0.0300 etc:Tue Jul  6 16:03:31 2021
step: 1440/ 3305 lossC:0.0612 lossL1:0.0158 imps:48.3 lr: 0.0299 etc:Tue Jul  6 16:03:29 2021
step: 1450/ 3305 lossC:0.0581 lossL1:0.0152 imps:48.7 lr: 0.0297 etc:Tue Jul  6 16:03:26 2021
step: 1460/ 3305 lossC:0.0779 lossL1:0.0153 imps:49.2 lr: 0.0296 etc:Tue Jul  6 16:03:24 2021
step: 1470/ 3305 lossC:0.0661 lossL1:0.0143 imps:49.6 lr: 0.0294 etc:Tue Jul  6 16:03:22 2021
step: 1480/ 3305 lossC:0.0489 lossL1:0.0144 imps:49.8 lr: 0.0293 etc:Tue Jul  6 16:03:20 2021
step: 1490/ 3305 lossC:0.0514 lossL1:0.0149 imps:50.1 lr: 0.0292 etc:Tue Jul  6 16:03:17 2021
step: 1500/ 3305 lossC:0.0550 lossL1:0.0147 imps:50.4 lr: 0.0290 etc:Tue Jul  6 16:03:15 2021
validating ... {'iou_bkg': array([0.77606756, 0.42219262, 0.27585971, 0.54401912, 0.37409399,
       0.45688989, 0.70295877, 0.52678437, 0.66064882, 0.23183555,
       0.57850477, 0.47550253, 0.65101585, 0.59649907, 0.63632155,
       0.5635885 , 0.44116175, 0.61391331, 0.41872937, 0.52473245,
       0.39792098]), 'miou_bkg': 0.5175828823567498}
step: 1510/ 3305 lossC:0.0574 lossL1:0.0142 imps:25.0 lr: 0.0289 etc:Tue Jul  6 16:05:27 2021
step: 1520/ 3305 lossC:0.0661 lossL1:0.0155 imps:25.7 lr: 0.0287 etc:Tue Jul  6 16:05:23 2021
step: 1530/ 3305 lossC:0.0635 lossL1:0.0156 imps:26.4 lr: 0.0286 etc:Tue Jul  6 16:05:20 2021
step: 1540/ 3305 lossC:0.0729 lossL1:0.0161 imps:27.1 lr: 0.0284 etc:Tue Jul  6 16:05:17 2021
step: 1550/ 3305 lossC:0.0612 lossL1:0.0152 imps:27.7 lr: 0.0283 etc:Tue Jul  6 16:05:14 2021
step: 1560/ 3305 lossC:0.0537 lossL1:0.0156 imps:28.4 lr: 0.0281 etc:Tue Jul  6 16:05:11 2021
step: 1570/ 3305 lossC:0.0582 lossL1:0.0156 imps:28.9 lr: 0.0280 etc:Tue Jul  6 16:05:08 2021
step: 1580/ 3305 lossC:0.0601 lossL1:0.0141 imps:29.5 lr: 0.0279 etc:Tue Jul  6 16:05:05 2021
step: 1590/ 3305 lossC:0.0492 lossL1:0.0141 imps:30.0 lr: 0.0277 etc:Tue Jul  6 16:05:02 2021
step: 1600/ 3305 lossC:0.0526 lossL1:0.0143 imps:30.6 lr: 0.0276 etc:Tue Jul  6 16:04:59 2021
step: 1610/ 3305 lossC:0.0493 lossL1:0.0145 imps:30.8 lr: 0.0274 etc:Tue Jul  6 16:04:58 2021
step: 1620/ 3305 lossC:0.0449 lossL1:0.0152 imps:31.3 lr: 0.0273 etc:Tue Jul  6 16:04:55 2021
step: 1630/ 3305 lossC:0.0612 lossL1:0.0161 imps:31.8 lr: 0.0271 etc:Tue Jul  6 16:04:53 2021
step: 1640/ 3305 lossC:0.0561 lossL1:0.0149 imps:32.2 lr: 0.0270 etc:Tue Jul  6 16:04:50 2021
step: 1650/ 3305 lossC:0.0570 lossL1:0.0145 imps:32.7 lr: 0.0268 etc:Tue Jul  6 16:04:47 2021
step: 1660/ 3305 lossC:0.0580 lossL1:0.0161 imps:33.1 lr: 0.0267 etc:Tue Jul  6 16:04:44 2021
step: 1670/ 3305 lossC:0.0648 lossL1:0.0144 imps:33.5 lr: 0.0265 etc:Tue Jul  6 16:04:41 2021
step: 1680/ 3305 lossC:0.0639 lossL1:0.0148 imps:33.9 lr: 0.0264 etc:Tue Jul  6 16:04:39 2021
step: 1690/ 3305 lossC:0.0520 lossL1:0.0147 imps:34.2 lr: 0.0262 etc:Tue Jul  6 16:04:36 2021
step: 1700/ 3305 lossC:0.0587 lossL1:0.0142 imps:34.6 lr: 0.0261 etc:Tue Jul  6 16:04:34 2021
step: 1710/ 3305 lossC:0.0579 lossL1:0.0152 imps:34.8 lr: 0.0260 etc:Tue Jul  6 16:04:33 2021
step: 1720/ 3305 lossC:0.0629 lossL1:0.0147 imps:35.1 lr: 0.0258 etc:Tue Jul  6 16:04:30 2021
step: 1730/ 3305 lossC:0.0630 lossL1:0.0149 imps:35.5 lr: 0.0257 etc:Tue Jul  6 16:04:28 2021
step: 1740/ 3305 lossC:0.0513 lossL1:0.0141 imps:35.8 lr: 0.0255 etc:Tue Jul  6 16:04:25 2021
step: 1750/ 3305 lossC:0.0741 lossL1:0.0147 imps:36.1 lr: 0.0254 etc:Tue Jul  6 16:04:23 2021
step: 1760/ 3305 lossC:0.0536 lossL1:0.0146 imps:36.4 lr: 0.0252 etc:Tue Jul  6 16:04:20 2021
step: 1770/ 3305 lossC:0.0492 lossL1:0.0159 imps:36.7 lr: 0.0251 etc:Tue Jul  6 16:04:18 2021
step: 1780/ 3305 lossC:0.0550 lossL1:0.0152 imps:37.0 lr: 0.0249 etc:Tue Jul  6 16:04:15 2021
step: 1790/ 3305 lossC:0.0647 lossL1:0.0156 imps:37.3 lr: 0.0248 etc:Tue Jul  6 16:04:13 2021
step: 1800/ 3305 lossC:0.0618 lossL1:0.0142 imps:37.5 lr: 0.0246 etc:Tue Jul  6 16:04:11 2021
step: 1810/ 3305 lossC:0.0666 lossL1:0.0144 imps:37.7 lr: 0.0245 etc:Tue Jul  6 16:04:10 2021
step: 1820/ 3305 lossC:0.0471 lossL1:0.0144 imps:37.9 lr: 0.0243 etc:Tue Jul  6 16:04:08 2021
step: 1830/ 3305 lossC:0.0651 lossL1:0.0160 imps:38.2 lr: 0.0242 etc:Tue Jul  6 16:04:06 2021
step: 1840/ 3305 lossC:0.0545 lossL1:0.0148 imps:38.4 lr: 0.0240 etc:Tue Jul  6 16:04:03 2021
step: 1850/ 3305 lossC:0.0617 lossL1:0.0147 imps:38.6 lr: 0.0239 etc:Tue Jul  6 16:04:01 2021
step: 1860/ 3305 lossC:0.0506 lossL1:0.0144 imps:38.8 lr: 0.0237 etc:Tue Jul  6 16:03:59 2021
step: 1870/ 3305 lossC:0.0442 lossL1:0.0146 imps:39.1 lr: 0.0236 etc:Tue Jul  6 16:03:57 2021
step: 1880/ 3305 lossC:0.0453 lossL1:0.0145 imps:39.3 lr: 0.0235 etc:Tue Jul  6 16:03:55 2021
step: 1890/ 3305 lossC:0.0380 lossL1:0.0138 imps:39.5 lr: 0.0233 etc:Tue Jul  6 16:03:53 2021
step: 1900/ 3305 lossC:0.0528 lossL1:0.0148 imps:39.7 lr: 0.0232 etc:Tue Jul  6 16:03:51 2021
step: 1910/ 3305 lossC:0.0494 lossL1:0.0147 imps:39.7 lr: 0.0230 etc:Tue Jul  6 16:03:51 2021
step: 1920/ 3305 lossC:0.0621 lossL1:0.0151 imps:39.9 lr: 0.0229 etc:Tue Jul  6 16:03:49 2021
step: 1930/ 3305 lossC:0.0443 lossL1:0.0146 imps:40.1 lr: 0.0227 etc:Tue Jul  6 16:03:46 2021
step: 1940/ 3305 lossC:0.0587 lossL1:0.0142 imps:40.3 lr: 0.0226 etc:Tue Jul  6 16:03:44 2021
step: 1950/ 3305 lossC:0.0578 lossL1:0.0145 imps:40.5 lr: 0.0224 etc:Tue Jul  6 16:03:43 2021
step: 1960/ 3305 lossC:0.0481 lossL1:0.0145 imps:40.7 lr: 0.0223 etc:Tue Jul  6 16:03:41 2021
step: 1970/ 3305 lossC:0.0542 lossL1:0.0143 imps:40.9 lr: 0.0221 etc:Tue Jul  6 16:03:38 2021
step: 1980/ 3305 lossC:0.0593 lossL1:0.0144 imps:41.1 lr: 0.0220 etc:Tue Jul  6 16:03:36 2021
Epoch 4/5
step: 1990/ 3305 lossC:0.0559 lossL1:0.0146 imps:22.1 lr: 0.0218 etc:Tue Jul  6 16:03:40 2021
step: 2000/ 3305 lossC:0.0504 lossL1:0.0145 imps:32.6 lr: 0.0217 etc:Tue Jul  6 16:03:39 2021
validating ... {'iou_bkg': array([0.77791907, 0.42053454, 0.27607498, 0.57091107, 0.39701417,
       0.45651733, 0.73026371, 0.53010228, 0.66553399, 0.24069007,
       0.56222503, 0.45824862, 0.65332889, 0.58331313, 0.60938952,
       0.55573553, 0.39488914, 0.61396203, 0.43392172, 0.52161598,
       0.40302996]), 'miou_bkg': 0.5169152744618255}
step: 2010/ 3305 lossC:0.0558 lossL1:0.0144 imps:6.1 lr: 0.0215 etc:Tue Jul  6 16:05:19 2021
step: 2020/ 3305 lossC:0.0497 lossL1:0.0159 imps:7.9 lr: 0.0214 etc:Tue Jul  6 16:05:17 2021
step: 2030/ 3305 lossC:0.0522 lossL1:0.0140 imps:9.7 lr: 0.0212 etc:Tue Jul  6 16:05:14 2021
step: 2040/ 3305 lossC:0.0514 lossL1:0.0149 imps:11.3 lr: 0.0211 etc:Tue Jul  6 16:05:12 2021
step: 2050/ 3305 lossC:0.0538 lossL1:0.0148 imps:12.8 lr: 0.0209 etc:Tue Jul  6 16:05:10 2021
step: 2060/ 3305 lossC:0.0478 lossL1:0.0143 imps:14.2 lr: 0.0208 etc:Tue Jul  6 16:05:08 2021
step: 2070/ 3305 lossC:0.0482 lossL1:0.0145 imps:15.5 lr: 0.0206 etc:Tue Jul  6 16:05:05 2021
step: 2080/ 3305 lossC:0.0451 lossL1:0.0145 imps:16.8 lr: 0.0205 etc:Tue Jul  6 16:05:03 2021
step: 2090/ 3305 lossC:0.0482 lossL1:0.0149 imps:17.9 lr: 0.0203 etc:Tue Jul  6 16:05:01 2021
step: 2100/ 3305 lossC:0.0631 lossL1:0.0149 imps:19.0 lr: 0.0202 etc:Tue Jul  6 16:04:59 2021
step: 2110/ 3305 lossC:0.0480 lossL1:0.0149 imps:19.9 lr: 0.0200 etc:Tue Jul  6 16:04:58 2021
step: 2120/ 3305 lossC:0.0562 lossL1:0.0145 imps:20.9 lr: 0.0199 etc:Tue Jul  6 16:04:56 2021
step: 2130/ 3305 lossC:0.0488 lossL1:0.0145 imps:21.8 lr: 0.0197 etc:Tue Jul  6 16:04:54 2021
step: 2140/ 3305 lossC:0.0375 lossL1:0.0140 imps:22.7 lr: 0.0196 etc:Tue Jul  6 16:04:51 2021
step: 2150/ 3305 lossC:0.0493 lossL1:0.0153 imps:23.6 lr: 0.0194 etc:Tue Jul  6 16:04:49 2021
step: 2160/ 3305 lossC:0.0461 lossL1:0.0153 imps:24.3 lr: 0.0193 etc:Tue Jul  6 16:04:47 2021
step: 2170/ 3305 lossC:0.0535 lossL1:0.0157 imps:25.1 lr: 0.0191 etc:Tue Jul  6 16:04:45 2021
step: 2180/ 3305 lossC:0.0465 lossL1:0.0136 imps:25.8 lr: 0.0190 etc:Tue Jul  6 16:04:43 2021
step: 2190/ 3305 lossC:0.0555 lossL1:0.0142 imps:26.5 lr: 0.0188 etc:Tue Jul  6 16:04:41 2021
step: 2200/ 3305 lossC:0.0463 lossL1:0.0150 imps:27.2 lr: 0.0187 etc:Tue Jul  6 16:04:39 2021
step: 2210/ 3305 lossC:0.0498 lossL1:0.0151 imps:27.5 lr: 0.0185 etc:Tue Jul  6 16:04:39 2021
step: 2220/ 3305 lossC:0.0577 lossL1:0.0147 imps:28.1 lr: 0.0183 etc:Tue Jul  6 16:04:37 2021
step: 2230/ 3305 lossC:0.0441 lossL1:0.0147 imps:28.7 lr: 0.0182 etc:Tue Jul  6 16:04:35 2021
step: 2240/ 3305 lossC:0.0455 lossL1:0.0150 imps:29.3 lr: 0.0180 etc:Tue Jul  6 16:04:33 2021
step: 2250/ 3305 lossC:0.0493 lossL1:0.0151 imps:29.8 lr: 0.0179 etc:Tue Jul  6 16:04:32 2021
step: 2260/ 3305 lossC:0.0540 lossL1:0.0146 imps:30.3 lr: 0.0177 etc:Tue Jul  6 16:04:30 2021
step: 2270/ 3305 lossC:0.0466 lossL1:0.0147 imps:30.8 lr: 0.0176 etc:Tue Jul  6 16:04:28 2021
step: 2280/ 3305 lossC:0.0594 lossL1:0.0151 imps:31.3 lr: 0.0174 etc:Tue Jul  6 16:04:26 2021
step: 2290/ 3305 lossC:0.0519 lossL1:0.0140 imps:31.8 lr: 0.0173 etc:Tue Jul  6 16:04:24 2021
step: 2300/ 3305 lossC:0.0436 lossL1:0.0145 imps:32.2 lr: 0.0171 etc:Tue Jul  6 16:04:22 2021
step: 2310/ 3305 lossC:0.0428 lossL1:0.0146 imps:32.5 lr: 0.0170 etc:Tue Jul  6 16:04:21 2021
step: 2320/ 3305 lossC:0.0461 lossL1:0.0140 imps:32.9 lr: 0.0168 etc:Tue Jul  6 16:04:20 2021
step: 2330/ 3305 lossC:0.0371 lossL1:0.0146 imps:33.3 lr: 0.0167 etc:Tue Jul  6 16:04:18 2021
step: 2340/ 3305 lossC:0.0546 lossL1:0.0149 imps:33.7 lr: 0.0165 etc:Tue Jul  6 16:04:16 2021
step: 2350/ 3305 lossC:0.0578 lossL1:0.0150 imps:34.1 lr: 0.0164 etc:Tue Jul  6 16:04:14 2021
step: 2360/ 3305 lossC:0.0531 lossL1:0.0141 imps:34.4 lr: 0.0162 etc:Tue Jul  6 16:04:12 2021
step: 2370/ 3305 lossC:0.0441 lossL1:0.0146 imps:34.8 lr: 0.0160 etc:Tue Jul  6 16:04:11 2021
step: 2380/ 3305 lossC:0.0553 lossL1:0.0155 imps:35.2 lr: 0.0159 etc:Tue Jul  6 16:04:09 2021
step: 2390/ 3305 lossC:0.0539 lossL1:0.0147 imps:35.5 lr: 0.0157 etc:Tue Jul  6 16:04:07 2021
step: 2400/ 3305 lossC:0.0455 lossL1:0.0137 imps:35.8 lr: 0.0156 etc:Tue Jul  6 16:04:05 2021
step: 2410/ 3305 lossC:0.0506 lossL1:0.0141 imps:36.0 lr: 0.0154 etc:Tue Jul  6 16:04:05 2021
step: 2420/ 3305 lossC:0.0492 lossL1:0.0156 imps:36.3 lr: 0.0153 etc:Tue Jul  6 16:04:03 2021
step: 2430/ 3305 lossC:0.0407 lossL1:0.0144 imps:36.6 lr: 0.0151 etc:Tue Jul  6 16:04:01 2021
step: 2440/ 3305 lossC:0.0390 lossL1:0.0152 imps:36.9 lr: 0.0150 etc:Tue Jul  6 16:04:00 2021
step: 2450/ 3305 lossC:0.0526 lossL1:0.0140 imps:37.2 lr: 0.0148 etc:Tue Jul  6 16:03:58 2021
step: 2460/ 3305 lossC:0.0494 lossL1:0.0139 imps:37.4 lr: 0.0147 etc:Tue Jul  6 16:03:56 2021
step: 2470/ 3305 lossC:0.0373 lossL1:0.0143 imps:37.7 lr: 0.0145 etc:Tue Jul  6 16:03:55 2021
step: 2480/ 3305 lossC:0.0439 lossL1:0.0140 imps:38.0 lr: 0.0143 etc:Tue Jul  6 16:03:53 2021
step: 2490/ 3305 lossC:0.0456 lossL1:0.0147 imps:38.2 lr: 0.0142 etc:Tue Jul  6 16:03:51 2021
step: 2500/ 3305 lossC:0.0612 lossL1:0.0149 imps:38.5 lr: 0.0140 etc:Tue Jul  6 16:03:50 2021
validating ... {'iou_bkg': array([0.77802502, 0.42497813, 0.28280943, 0.55857459, 0.3960244 ,
       0.47201243, 0.73486968, 0.54453976, 0.68416337, 0.25791521,
       0.58844509, 0.45894063, 0.6651823 , 0.58904204, 0.62447471,
       0.55412892, 0.39186552, 0.63654976, 0.44332001, 0.52120326,
       0.38943611]), 'miou_bkg': 0.5236428741090146}
step: 2510/ 3305 lossC:0.0534 lossL1:0.0143 imps:29.9 lr: 0.0139 etc:Tue Jul  6 16:05:12 2021
step: 2520/ 3305 lossC:0.0544 lossL1:0.0148 imps:30.2 lr: 0.0137 etc:Tue Jul  6 16:05:11 2021
step: 2530/ 3305 lossC:0.0473 lossL1:0.0149 imps:30.4 lr: 0.0136 etc:Tue Jul  6 16:05:09 2021
step: 2540/ 3305 lossC:0.0446 lossL1:0.0142 imps:30.7 lr: 0.0134 etc:Tue Jul  6 16:05:07 2021
step: 2550/ 3305 lossC:0.0325 lossL1:0.0147 imps:31.0 lr: 0.0132 etc:Tue Jul  6 16:05:05 2021
step: 2560/ 3305 lossC:0.0528 lossL1:0.0154 imps:31.2 lr: 0.0131 etc:Tue Jul  6 16:05:03 2021
step: 2570/ 3305 lossC:0.0380 lossL1:0.0146 imps:31.4 lr: 0.0129 etc:Tue Jul  6 16:05:01 2021
step: 2580/ 3305 lossC:0.0521 lossL1:0.0154 imps:31.7 lr: 0.0128 etc:Tue Jul  6 16:04:59 2021
step: 2590/ 3305 lossC:0.0529 lossL1:0.0144 imps:31.9 lr: 0.0126 etc:Tue Jul  6 16:04:58 2021
step: 2600/ 3305 lossC:0.0545 lossL1:0.0138 imps:32.2 lr: 0.0124 etc:Tue Jul  6 16:04:56 2021
step: 2610/ 3305 lossC:0.0475 lossL1:0.0139 imps:32.2 lr: 0.0123 etc:Tue Jul  6 16:04:56 2021
step: 2620/ 3305 lossC:0.0554 lossL1:0.0141 imps:32.4 lr: 0.0121 etc:Tue Jul  6 16:04:54 2021
step: 2630/ 3305 lossC:0.0429 lossL1:0.0150 imps:32.7 lr: 0.0120 etc:Tue Jul  6 16:04:52 2021
step: 2640/ 3305 lossC:0.0513 lossL1:0.0148 imps:32.9 lr: 0.0118 etc:Tue Jul  6 16:04:50 2021
Epoch 5/5
step: 2650/ 3305 lossC:0.0489 lossL1:0.0142 imps:21.2 lr: 0.0117 etc:Tue Jul  6 16:04:53 2021
step: 2660/ 3305 lossC:0.0429 lossL1:0.0144 imps:32.3 lr: 0.0115 etc:Tue Jul  6 16:04:52 2021
step: 2670/ 3305 lossC:0.0445 lossL1:0.0138 imps:38.0 lr: 0.0113 etc:Tue Jul  6 16:04:50 2021
step: 2680/ 3305 lossC:0.0414 lossL1:0.0144 imps:41.4 lr: 0.0112 etc:Tue Jul  6 16:04:49 2021
step: 2690/ 3305 lossC:0.0468 lossL1:0.0146 imps:44.0 lr: 0.0110 etc:Tue Jul  6 16:04:47 2021
step: 2700/ 3305 lossC:0.0474 lossL1:0.0148 imps:45.3 lr: 0.0108 etc:Tue Jul  6 16:04:46 2021
step: 2710/ 3305 lossC:0.0559 lossL1:0.0146 imps:44.2 lr: 0.0107 etc:Tue Jul  6 16:04:46 2021
step: 2720/ 3305 lossC:0.0519 lossL1:0.0148 imps:45.4 lr: 0.0105 etc:Tue Jul  6 16:04:44 2021
step: 2730/ 3305 lossC:0.0491 lossL1:0.0145 imps:46.2 lr: 0.0104 etc:Tue Jul  6 16:04:43 2021
step: 2740/ 3305 lossC:0.0508 lossL1:0.0143 imps:47.0 lr: 0.0102 etc:Tue Jul  6 16:04:41 2021
step: 2750/ 3305 lossC:0.0402 lossL1:0.0144 imps:47.8 lr: 0.0100 etc:Tue Jul  6 16:04:39 2021
step: 2760/ 3305 lossC:0.0350 lossL1:0.0144 imps:48.2 lr: 0.0099 etc:Tue Jul  6 16:04:38 2021
step: 2770/ 3305 lossC:0.0345 lossL1:0.0152 imps:48.9 lr: 0.0097 etc:Tue Jul  6 16:04:36 2021
step: 2780/ 3305 lossC:0.0443 lossL1:0.0142 imps:49.5 lr: 0.0095 etc:Tue Jul  6 16:04:35 2021
step: 2790/ 3305 lossC:0.0432 lossL1:0.0142 imps:49.7 lr: 0.0094 etc:Tue Jul  6 16:04:33 2021
step: 2800/ 3305 lossC:0.0521 lossL1:0.0148 imps:50.2 lr: 0.0092 etc:Tue Jul  6 16:04:32 2021
step: 2810/ 3305 lossC:0.0446 lossL1:0.0143 imps:49.7 lr: 0.0091 etc:Tue Jul  6 16:04:31 2021
step: 2820/ 3305 lossC:0.0435 lossL1:0.0138 imps:50.0 lr: 0.0089 etc:Tue Jul  6 16:04:30 2021
step: 2830/ 3305 lossC:0.0481 lossL1:0.0156 imps:50.2 lr: 0.0087 etc:Tue Jul  6 16:04:28 2021
step: 2840/ 3305 lossC:0.0497 lossL1:0.0145 imps:50.6 lr: 0.0086 etc:Tue Jul  6 16:04:27 2021
step: 2850/ 3305 lossC:0.0445 lossL1:0.0145 imps:50.8 lr: 0.0084 etc:Tue Jul  6 16:04:25 2021
step: 2860/ 3305 lossC:0.0446 lossL1:0.0145 imps:51.0 lr: 0.0082 etc:Tue Jul  6 16:04:24 2021
step: 2870/ 3305 lossC:0.0470 lossL1:0.0132 imps:51.3 lr: 0.0081 etc:Tue Jul  6 16:04:22 2021
step: 2880/ 3305 lossC:0.0383 lossL1:0.0147 imps:51.4 lr: 0.0079 etc:Tue Jul  6 16:04:21 2021
step: 2890/ 3305 lossC:0.0462 lossL1:0.0145 imps:51.6 lr: 0.0077 etc:Tue Jul  6 16:04:20 2021
step: 2900/ 3305 lossC:0.0556 lossL1:0.0151 imps:51.8 lr: 0.0076 etc:Tue Jul  6 16:04:18 2021
step: 2910/ 3305 lossC:0.0469 lossL1:0.0153 imps:51.4 lr: 0.0074 etc:Tue Jul  6 16:04:18 2021
step: 2920/ 3305 lossC:0.0421 lossL1:0.0149 imps:51.4 lr: 0.0072 etc:Tue Jul  6 16:04:17 2021
step: 2930/ 3305 lossC:0.0451 lossL1:0.0145 imps:51.6 lr: 0.0071 etc:Tue Jul  6 16:04:15 2021
step: 2940/ 3305 lossC:0.0437 lossL1:0.0142 imps:51.8 lr: 0.0069 etc:Tue Jul  6 16:04:14 2021
step: 2950/ 3305 lossC:0.0299 lossL1:0.0141 imps:51.9 lr: 0.0067 etc:Tue Jul  6 16:04:12 2021
step: 2960/ 3305 lossC:0.0405 lossL1:0.0149 imps:52.0 lr: 0.0065 etc:Tue Jul  6 16:04:11 2021
step: 2970/ 3305 lossC:0.0284 lossL1:0.0143 imps:52.1 lr: 0.0064 etc:Tue Jul  6 16:04:10 2021
step: 2980/ 3305 lossC:0.0405 lossL1:0.0143 imps:52.2 lr: 0.0062 etc:Tue Jul  6 16:04:08 2021
step: 2990/ 3305 lossC:0.0487 lossL1:0.0149 imps:52.3 lr: 0.0060 etc:Tue Jul  6 16:04:07 2021
step: 3000/ 3305 lossC:0.0562 lossL1:0.0148 imps:52.4 lr: 0.0059 etc:Tue Jul  6 16:04:06 2021
validating ... {'iou_bkg': array([0.76802149, 0.40001662, 0.26745541, 0.55049392, 0.37765112,
       0.48111135, 0.73401677, 0.52836657, 0.67561716, 0.2568666 ,
       0.58328802, 0.46601148, 0.65700628, 0.57356224, 0.61704192,
       0.54915853, 0.38335854, 0.62096559, 0.44201802, 0.53031113,
       0.40538269]), 'miou_bkg': 0.5175105459016939}
step: 3010/ 3305 lossC:0.0418 lossL1:0.0145 imps:33.9 lr: 0.0057 etc:Tue Jul  6 16:05:12 2021
step: 3020/ 3305 lossC:0.0424 lossL1:0.0140 imps:34.3 lr: 0.0055 etc:Tue Jul  6 16:05:10 2021
step: 3030/ 3305 lossC:0.0414 lossL1:0.0142 imps:34.6 lr: 0.0053 etc:Tue Jul  6 16:05:09 2021
step: 3040/ 3305 lossC:0.0422 lossL1:0.0146 imps:35.0 lr: 0.0052 etc:Tue Jul  6 16:05:07 2021
step: 3050/ 3305 lossC:0.0400 lossL1:0.0142 imps:35.3 lr: 0.0050 etc:Tue Jul  6 16:05:06 2021
step: 3060/ 3305 lossC:0.0374 lossL1:0.0148 imps:35.6 lr: 0.0048 etc:Tue Jul  6 16:05:04 2021
step: 3070/ 3305 lossC:0.0436 lossL1:0.0150 imps:35.9 lr: 0.0046 etc:Tue Jul  6 16:05:03 2021
step: 3080/ 3305 lossC:0.0425 lossL1:0.0151 imps:36.2 lr: 0.0045 etc:Tue Jul  6 16:05:01 2021
step: 3090/ 3305 lossC:0.0457 lossL1:0.0142 imps:36.5 lr: 0.0043 etc:Tue Jul  6 16:05:00 2021
step: 3100/ 3305 lossC:0.0525 lossL1:0.0149 imps:36.8 lr: 0.0041 etc:Tue Jul  6 16:04:58 2021
step: 3110/ 3305 lossC:0.0385 lossL1:0.0143 imps:36.9 lr: 0.0039 etc:Tue Jul  6 16:04:58 2021
step: 3120/ 3305 lossC:0.0498 lossL1:0.0146 imps:37.2 lr: 0.0037 etc:Tue Jul  6 16:04:56 2021
step: 3130/ 3305 lossC:0.0430 lossL1:0.0154 imps:37.5 lr: 0.0036 etc:Tue Jul  6 16:04:55 2021
step: 3140/ 3305 lossC:0.0476 lossL1:0.0147 imps:37.7 lr: 0.0034 etc:Tue Jul  6 16:04:53 2021
step: 3150/ 3305 lossC:0.0452 lossL1:0.0142 imps:37.9 lr: 0.0032 etc:Tue Jul  6 16:04:52 2021
step: 3160/ 3305 lossC:0.0395 lossL1:0.0148 imps:38.2 lr: 0.0030 etc:Tue Jul  6 16:04:50 2021
step: 3170/ 3305 lossC:0.0383 lossL1:0.0138 imps:38.4 lr: 0.0028 etc:Tue Jul  6 16:04:49 2021
step: 3180/ 3305 lossC:0.0394 lossL1:0.0139 imps:38.6 lr: 0.0026 etc:Tue Jul  6 16:04:48 2021
step: 3190/ 3305 lossC:0.0429 lossL1:0.0133 imps:38.9 lr: 0.0024 etc:Tue Jul  6 16:04:46 2021
step: 3200/ 3305 lossC:0.0384 lossL1:0.0135 imps:39.1 lr: 0.0022 etc:Tue Jul  6 16:04:45 2021
step: 3210/ 3305 lossC:0.0372 lossL1:0.0144 imps:39.1 lr: 0.0020 etc:Tue Jul  6 16:04:45 2021
step: 3220/ 3305 lossC:0.0323 lossL1:0.0147 imps:39.4 lr: 0.0019 etc:Tue Jul  6 16:04:43 2021
step: 3230/ 3305 lossC:0.0396 lossL1:0.0145 imps:39.5 lr: 0.0017 etc:Tue Jul  6 16:04:42 2021
step: 3240/ 3305 lossC:0.0490 lossL1:0.0140 imps:39.7 lr: 0.0015 etc:Tue Jul  6 16:04:41 2021
step: 3250/ 3305 lossC:0.0441 lossL1:0.0155 imps:39.9 lr: 0.0013 etc:Tue Jul  6 16:04:39 2021
step: 3260/ 3305 lossC:0.0516 lossL1:0.0145 imps:40.1 lr: 0.0010 etc:Tue Jul  6 16:04:38 2021
step: 3270/ 3305 lossC:0.0386 lossL1:0.0146 imps:40.3 lr: 0.0008 etc:Tue Jul  6 16:04:37 2021
step: 3280/ 3305 lossC:0.0344 lossL1:0.0136 imps:40.5 lr: 0.0006 etc:Tue Jul  6 16:04:35 2021
step: 3290/ 3305 lossC:0.0370 lossL1:0.0141 imps:40.7 lr: 0.0004 etc:Tue Jul  6 16:04:34 2021
step: 3300/ 3305 lossC:0.0373 lossL1:0.0150 imps:40.9 lr: 0.0001 etc:Tue Jul  6 16:04:32 2021
